<?xml version="1.0" encoding="UTF-8"?>
<coverage generated="1579836297477" clover="3.2.0">
  <project timestamp="1579836297478" name="All files">
    <metrics statements="17" coveredstatements="17" conditionals="0" coveredconditionals="0" methods="7" coveredmethods="7" elements="24" coveredelements="24" complexity="0" loc="17" ncloc="17" packages="1" files="2" classes="2"/>
    <file name="api.bcb.js" path="/Volumes/MacintoshHD/DocumentosLocal/fullstack-master/Bonus:programacao/convert-my-money/lib/api.bcb.js">
      <metrics statements="11" coveredstatements="11" conditionals="0" coveredconditionals="0" methods="5" coveredmethods="5"/>
      <line num="1" count="1" type="stmt"/>
      <line num="3" count="3" type="stmt"/>
      <line num="5" count="2" type="stmt"/>
      <line num="6" count="1" type="stmt"/>
      <line num="7" count="3" type="stmt"/>
      <line num="8" count="2" type="stmt"/>
      <line num="11" count="2" type="stmt"/>
      <line num="12" count="1" type="stmt"/>
      <line num="13" count="1" type="stmt"/>
      <line num="15" count="1" type="stmt"/>
      <line num="19" count="1" type="stmt"/>
    </file>
    <file name="convert.js" path="/Volumes/MacintoshHD/DocumentosLocal/fullstack-master/Bonus:programacao/convert-my-money/lib/convert.js">
      <metrics statements="6" coveredstatements="6" conditionals="0" coveredconditionals="0" methods="2" coveredmethods="2"/>
      <line num="1" count="1" type="stmt"/>
      <line num="2" count="2" type="stmt"/>
      <line num="3" count="2" type="stmt"/>
      <line num="6" count="1" type="stmt"/>
      <line num="7" count="3" type="stmt"/>
      <line num="10" count="1" type="stmt"/>
    </file>
  </project>
</coverage>
