{"/Volumes/MacintoshHD/DocumentosLocal/fullstack-master/Bonus:programacao/convert-my-money/lib/api.bcb.js": {"path":"/Volumes/MacintoshHD/DocumentosLocal/fullstack-master/Bonus:programacao/convert-my-money/lib/api.bcb.js","statementMap":{"0":{"start":{"line":1,"column":14},"end":{"line":1,"column":30}},"1":{"start":{"line":3,"column":15},"end":{"line":3,"column":236}},"2":{"start":{"line":3,"column":23},"end":{"line":3,"column":236}},"3":{"start":{"line":5,"column":22},"end":{"line":5,"column":53}},"4":{"start":{"line":5,"column":30},"end":{"line":5,"column":53}},"5":{"start":{"line":6,"column":23},"end":{"line":6,"column":60}},"6":{"start":{"line":6,"column":30},"end":{"line":6,"column":60}},"7":{"start":{"line":7,"column":19},"end":{"line":17,"column":1}},"8":{"start":{"line":7,"column":56},"end":{"line":17,"column":1}},"9":{"start":{"line":8,"column":4},"end":{"line":16,"column":5}},"10":{"start":{"line":11,"column":20},"end":{"line":11,"column":53}},"11":{"start":{"line":12,"column":24},"end":{"line":12,"column":43}},"12":{"start":{"line":13,"column":8},"end":{"line":13,"column":22}},"13":{"start":{"line":15,"column":8},"end":{"line":15,"column":24}},"14":{"start":{"line":19,"column":0},"end":{"line":27,"column":1}}},"fnMap":{"0":{"name":"(anonymous_0)","decl":{"start":{"line":3,"column":15},"end":{"line":3,"column":16}},"loc":{"start":{"line":3,"column":23},"end":{"line":3,"column":236}},"line":3},"1":{"name":"(anonymous_1)","decl":{"start":{"line":5,"column":22},"end":{"line":5,"column":23}},"loc":{"start":{"line":5,"column":30},"end":{"line":5,"column":53}},"line":5},"2":{"name":"(anonymous_2)","decl":{"start":{"line":6,"column":23},"end":{"line":6,"column":24}},"loc":{"start":{"line":6,"column":30},"end":{"line":6,"column":60}},"line":6},"3":{"name":"(anonymous_3)","decl":{"start":{"line":7,"column":19},"end":{"line":7,"column":20}},"loc":{"start":{"line":7,"column":56},"end":{"line":17,"column":1}},"line":7},"4":{"name":"(anonymous_4)","decl":{"start":{"line":7,"column":56},"end":{"line":7,"column":57}},"loc":{"start":{"line":7,"column":67},"end":{"line":17,"column":1}},"line":7}},"branchMap":{},"s":{"0":1,"1":1,"2":3,"3":1,"4":2,"5":1,"6":1,"7":1,"8":3,"9":2,"10":2,"11":1,"12":1,"13":1,"14":1},"f":{"0":3,"1":2,"2":1,"3":3,"4":2},"b":{},"_coverageSchema":"43e27e138ebf9cfc5966b082cf9a028302ed4184","hash":"b313d551bd2a3da66fd276272ad47b92f77680c8"}
,"/Volumes/MacintoshHD/DocumentosLocal/fullstack-master/Bonus:programacao/convert-my-money/lib/convert.js": {"path":"/Volumes/MacintoshHD/DocumentosLocal/fullstack-master/Bonus:programacao/convert-my-money/lib/convert.js","statementMap":{"0":{"start":{"line":1,"column":16},"end":{"line":4,"column":1}},"1":{"start":{"line":2,"column":19},"end":{"line":2,"column":63}},"2":{"start":{"line":3,"column":4},"end":{"line":3,"column":17}},"3":{"start":{"line":6,"column":16},"end":{"line":8,"column":1}},"4":{"start":{"line":7,"column":4},"end":{"line":7,"column":39}},"5":{"start":{"line":10,"column":0},"end":{"line":13,"column":1}}},"fnMap":{"0":{"name":"(anonymous_0)","decl":{"start":{"line":1,"column":16},"end":{"line":1,"column":17}},"loc":{"start":{"line":1,"column":41},"end":{"line":4,"column":1}},"line":1},"1":{"name":"(anonymous_1)","decl":{"start":{"line":6,"column":16},"end":{"line":6,"column":17}},"loc":{"start":{"line":6,"column":25},"end":{"line":8,"column":1}},"line":6}},"branchMap":{},"s":{"0":1,"1":2,"2":2,"3":1,"4":3,"5":1},"f":{"0":2,"1":3},"b":{},"_coverageSchema":"43e27e138ebf9cfc5966b082cf9a028302ed4184","hash":"80dfcfab122c4ed25c81b80bf34e23ea9846ec7a"}
}
