TN:
SF:/Volumes/MacintoshHD/DocumentosLocal/fullstack-master/Bonus:programacao/convert-my-money/lib/api.bcb.js
FN:3,(anonymous_0)
FN:5,(anonymous_1)
FN:6,(anonymous_2)
FN:7,(anonymous_3)
FN:7,(anonymous_4)
FNF:5
FNH:5
FNDA:3,(anonymous_0)
FNDA:2,(anonymous_1)
FNDA:1,(anonymous_2)
FNDA:3,(anonymous_3)
FNDA:2,(anonymous_4)
DA:1,1
DA:3,3
DA:5,2
DA:6,1
DA:7,3
DA:8,2
DA:11,2
DA:12,1
DA:13,1
DA:15,1
DA:19,1
LF:11
LH:11
BRF:0
BRH:0
end_of_record
TN:
SF:/Volumes/MacintoshHD/DocumentosLocal/fullstack-master/Bonus:programacao/convert-my-money/lib/convert.js
FN:1,(anonymous_0)
FN:6,(anonymous_1)
FNF:2
FNH:2
FNDA:2,(anonymous_0)
FNDA:3,(anonymous_1)
DA:1,1
DA:2,2
DA:3,2
DA:6,1
DA:7,3
DA:10,1
LF:6
LH:6
BRF:0
BRH:0
end_of_record
